2016-05-02 15:48:40.944270 Initializing script....
2016-05-02 15:48:40.944498 Connecting to Teamspeak server...
2016-05-02 15:48:40.964862 No User Database found...created new database!
2016-05-02 15:48:40.968675 BOT loaded into server (1) as serveradmin (2). Nickname 'Verify BOT'
2016-05-02 15:48:40.970294 Unable to locate channel with name 'Verify'. Sleeping for 10 seconds...
2016-05-02 15:48:50.973421 Unable to locate channel with name 'Verify'. Sleeping for 10 seconds...
2016-05-02 15:49:00.976054 Unable to locate channel with name 'Verify'. Sleeping for 10 seconds...
2016-05-02 15:49:10.982307 Unable to locate channel with name 'Verify'. Sleeping for 10 seconds...
2016-05-02 15:49:20.987244 Unable to locate channel with name 'Verify'. Sleeping for 10 seconds...
2016-05-02 15:49:30.993404 Unable to locate channel with name 'Verify'. Sleeping for 10 seconds...
2016-05-02 15:49:40.997714 Unable to locate channel with name 'Verify'. Sleeping for 10 seconds...
2016-05-02 15:49:51.004029 Unable to locate channel with name 'Verify'. Sleeping for 10 seconds...
2016-05-02 15:50:01.006141 Unable to locate channel with name 'Verify'. Sleeping for 10 seconds...
2016-05-02 15:50:11.010985 Unable to locate channel with name 'Verify'. Sleeping for 10 seconds...
2016-05-02 15:50:21.015211 Unable to locate channel with name 'Verify'. Sleeping for 10 seconds...
2016-05-02 15:50:31.018089 BOT has joined channel 'Verify' (2).
2016-05-02 15:50:31.019101 BOT is now registered to receive messages!
2016-05-02 15:50:31.019264 BOT Database Audit policies initiating.
2016-05-02 15:50:31.020999 BOT now idle, waiting for requests.
2016-05-02 15:50:58.211816 Initializing script....
2016-05-02 15:50:58.211991 Connecting to Teamspeak server...
2016-05-02 15:50:58.226784 Loaded User Database...
2016-05-02 15:50:58.227045 BOT loaded into server (1) as serveradmin (5). Nickname 'Verify BOT'
2016-05-02 15:50:58.228219 Unable to locate channel with name 'Verify'. Sleeping for 10 seconds...
2016-05-02 15:51:08.229512 Unable to locate channel with name 'Verify'. Sleeping for 10 seconds...
2016-05-02 15:51:19.228166 Initializing script....
2016-05-02 15:51:19.228348 Connecting to Teamspeak server...
2016-05-02 15:51:19.243814 Loaded User Database...
2016-05-02 15:51:19.244032 BOT loaded into server (1) as serveradmin (6). Nickname 'Verify BOT'
2016-05-02 15:51:19.246209 BOT has joined channel 'Verify' (3).
2016-05-02 15:51:19.247146 BOT is now registered to receive messages!
2016-05-02 15:51:19.247360 BOT Database Audit policies initiating.
2016-05-02 15:51:19.248985 BOT now idle, waiting for requests.
2016-05-02 15:52:42.639227 Initializing script....
2016-05-02 15:52:42.639422 Connecting to Teamspeak server...
2016-05-02 15:52:42.649899 Loaded User Database...
2016-05-02 15:52:42.650162 BOT loaded into server (1) as serveradmin (7). Nickname 'Verify BOT'
2016-05-02 15:52:42.652236 BOT has joined channel 'Verify' (3).
2016-05-02 15:52:42.653060 BOT is now registered to receive messages!
2016-05-02 15:52:42.653276 BOT Database Audit policies initiating.
2016-05-02 15:52:42.654849 BOT now idle, waiting for requests.
2016-05-02 15:52:56.827573 Verify Request Recieved from user 'alacritythief'. Sending PM now...
        ...waiting for user response.
